[2021/06/17 20:34:50 CST] [INFO] (natapp/src/log.(*PrefixLogger).Info:83) [client] Trusting root CAs: [assets/client/tls/ngrokroot.crt]
[2021/06/17 20:34:50 CST] [INFO] (natapp/src/log.(*PrefixLogger).Info:83) [view] [web] Serving web interface on 127.0.0.1:4040
[2021/06/17 20:34:50 CST] [INFO] (natapp/src/log.(*PrefixLogger).Info:83) [view] [term] Resize event, redrawing
[2021/06/17 20:34:50 CST] [INFO] (natapp/src/log.(*PrefixLogger).Info:83) [view] [term] Resize event, redrawing
[2021/06/17 20:34:50 CST] [INFO] (natapp/src/log.(*PrefixLogger).Info:83) [client] Authenticated with server, client id: 7af5c455caeba211107441e65a75fbae
[2021/06/17 20:34:50 CST] [INFO] (natapp/src/log.(*PrefixLogger).Info:83) [client] Tunnel established at tcp://server.natappfree.cc:45152
[2021/06/18 00:01:51 CST] [EROR] (natapp/src/log.(*PrefixLogger).Error:91) [pxy:1600a299] Server failed to write StartProxy: unexpected end of JSON input
[2021/06/18 00:01:51 CST] [INFO] (natapp/src/log.(*PrefixLogger).Info:83) [prv:5c16dba1] Joined with connection pxy:4d28c4bc
[2021/06/18 00:02:02 CST] [INFO] (natapp/src/log.(*PrefixLogger).Info:83) [view] [term] Resize event, redrawing
[2021/06/18 00:02:02 CST] [INFO] (natapp/src/log.(*PrefixLogger).Info:83) [view] [term] Resize event, redrawing
[2021/06/18 00:02:04 CST] [INFO] (natapp/src/log.(*PrefixLogger).Info:83) [view] [term] Resize event, redrawing
[2021/06/18 00:02:04 CST] [INFO] (natapp/src/log.(*PrefixLogger).Info:83) [view] [term] Resize event, redrawing
[2021/06/18 00:02:05 CST] [INFO] (natapp/src/log.(*PrefixLogger).Info:83) [view] [term] Resize event, redrawing
[2021/06/18 00:02:13 CST] [INFO] (natapp/src/log.(*PrefixLogger).Info:83) [view] [term] Resize event, redrawing
[2021/06/18 00:02:13 CST] [INFO] (natapp/src/log.(*PrefixLogger).Info:83) [view] [term] Resize event, redrawing
[2021/06/18 09:07:10 CST] [EROR] (natapp/src/log.(*PrefixLogger).Error:91) [pxy:2bd2830e] Server failed to write StartProxy: unexpected end of JSON input
[2021/06/18 09:07:10 CST] [INFO] (natapp/src/log.(*PrefixLogger).Info:83) [prv:7c6e3b2f] Joined with connection pxy:17709f3d
[2021/06/18 09:07:20 CST] [INFO] (natapp/src/log.(*PrefixLogger).Info:83) [prv:49af17c] Joined with connection pxy:39416b4c
[2021/06/18 10:12:16 CST] [WARN] (natapp/src/log.(*PrefixLogger).Warn:87) [pxy:39416b4c] Copied 1326046 bytes to prv:49af17c before failing with error read tcp 192.168.50.250:63653->112.74.89.58:443: i/o timeout
[2021/06/18 10:34:19 CST] [EROR] (natapp/src/log.(*PrefixLogger).Error:91) [pxy:7024c168] Server failed to write StartProxy: unexpected end of JSON input
[2021/06/18 10:34:19 CST] [INFO] (natapp/src/log.(*PrefixLogger).Info:83) [prv:1a35ac73] Joined with connection pxy:25bc8bfd
[2021/06/18 10:34:28 CST] [INFO] (natapp/src/log.(*PrefixLogger).Info:83) [prv:4e3cec12] Joined with connection pxy:4c2db9d9
[2021/06/18 10:34:48 CST] [WARN] (natapp/src/log.(*PrefixLogger).Warn:87) [pxy:4c2db9d9] Copied 3874 bytes to prv:4e3cec12 before failing with error read tcp 192.168.50.250:60467->112.74.89.58:443: wsarecv: A connection attempt failed because the connected party did not properly respond after a period of time, or established connection failed because connected host has failed to respond.
[2021/06/18 10:46:01 CST] [EROR] (natapp/src/log.(*PrefixLogger).Error:91) [pxy:141f7df1] Server failed to write StartProxy: unexpected end of JSON input
[2021/06/18 10:46:02 CST] [INFO] (natapp/src/log.(*PrefixLogger).Info:83) [prv:111b3b8e] Joined with connection pxy:59c6c0ff
[2021/06/18 10:46:28 CST] [INFO] (natapp/src/log.(*PrefixLogger).Info:83) [prv:6055ca76] Joined with connection pxy:2f8932d3
[2021/06/18 12:23:43 CST] [EROR] (natapp/src/log.(*PrefixLogger).Error:91) [pxy:40fa55e1] Server failed to write StartProxy: unexpected end of JSON input
[2021/06/18 12:23:43 CST] [INFO] (natapp/src/log.(*PrefixLogger).Info:83) [prv:6624ef87] Joined with connection pxy:d5efa0d
[2021/06/18 12:52:54 CST] [EROR] (natapp/src/log.(*PrefixLogger).Error:91) [pxy:743fbc4e] Server failed to write StartProxy: unexpected end of JSON input
[2021/06/18 12:52:55 CST] [INFO] (natapp/src/log.(*PrefixLogger).Info:83) [prv:38d5f17a] Joined with connection pxy:57306f9f
[2021/06/18 12:53:03 CST] [INFO] (natapp/src/log.(*PrefixLogger).Info:83) [prv:7674774c] Joined with connection pxy:4552087
[2021/06/18 13:13:40 CST] [WARN] (natapp/src/log.(*PrefixLogger).Warn:87) [prv:7674774c] Copied 2003737 bytes to pxy:4552087 before failing with error read tcp 127.0.0.1:58834->127.0.0.1:3389: i/o timeout
[2021/06/18 14:55:16 CST] [EROR] (natapp/src/log.(*PrefixLogger).Error:91) [pxy:12c48ec3] Server failed to write StartProxy: unexpected end of JSON input
[2021/06/18 14:55:16 CST] [INFO] (natapp/src/log.(*PrefixLogger).Info:83) [prv:57f980dd] Joined with connection pxy:5a14fd13
[2021/06/18 14:55:23 CST] [INFO] (natapp/src/log.(*PrefixLogger).Info:83) [prv:56bd35d] Joined with connection pxy:171c52ba
[2021/06/18 18:14:49 CST] [EROR] (natapp/src/log.(*PrefixLogger).Error:91) [pxy:4b15ed90] Server failed to write StartProxy: unexpected end of JSON input
[2021/06/18 18:14:49 CST] [INFO] (natapp/src/log.(*PrefixLogger).Info:83) [prv:580d0a50] Joined with connection pxy:3203714d
[2021/06/18 18:14:57 CST] [INFO] (natapp/src/log.(*PrefixLogger).Info:83) [prv:2648183] Joined with connection pxy:69691a4c
[2021/06/18 18:15:04 CST] [INFO] (natapp/src/log.(*PrefixLogger).Info:83) [prv:6f730699] Joined with connection pxy:62806d03
[2021/06/18 18:15:05 CST] [INFO] (natapp/src/log.(*PrefixLogger).Info:83) [prv:19b6fc56] Joined with connection pxy:6c69251b
